0 info it worked if it ends with ok
1 verbose cli [ 'C:\\Program Files\\nodejs\\\\node.exe',
1 verbose cli   'C:\\Program Files\\nodejs\\node_modules\\npm\\bin\\npm-cli.js',
1 verbose cli   'install',
1 verbose cli   '-g',
1 verbose cli   'bower' ]
2 info using npm@2.11.2
3 info using node@v0.12.6
4 verbose install initial load of C:\Users\Tony\AppData\Roaming\npm\package.json
5 verbose readDependencies loading dependencies from C:\Users\Tony\AppData\Roaming\npm\package.json
6 silly cache add args [ 'bower', null ]
7 verbose cache add spec bower
8 silly cache add parsed spec { raw: 'bower',
8 silly cache add   scope: null,
8 silly cache add   name: 'bower',
8 silly cache add   rawSpec: '',
8 silly cache add   spec: '*',
8 silly cache add   type: 'range' }
9 silly addNamed bower@*
10 verbose addNamed "*" is a valid semver range for bower
11 silly addNameRange { name: 'bower', range: '*', hasData: false }
12 silly mapToRegistry name bower
13 silly mapToRegistry using default registry
14 silly mapToRegistry registry https://registry.npmjs.org/
15 silly mapToRegistry uri https://registry.npmjs.org/bower
16 verbose addNameRange registry:https://registry.npmjs.org/bower not in flight; fetching
17 verbose request uri https://registry.npmjs.org/bower
18 verbose request no auth needed
19 info attempt registry request try #1 at 14:24:44
20 verbose request using bearer token for auth
21 verbose request id ef2cd9d72937465c
22 verbose etag "3U4WOJBASTHYQGVH036LX6AR8"
23 http request GET https://registry.npmjs.org/bower
24 http 200 https://registry.npmjs.org/bower
25 silly get cb [ 200,
25 silly get   { server: 'CouchDB/1.5.0 (Erlang OTP/R16B03)',
25 silly get     etag: '"BWV73V8ZTPVRGMNI1EYSE0Y42"',
25 silly get     'content-type': 'application/json',
25 silly get     'cache-control': 'max-age=60',
25 silly get     'content-length': '136180',
25 silly get     'accept-ranges': 'bytes',
25 silly get     date: 'Tue, 27 Oct 2015 06:24:47 GMT',
25 silly get     via: '1.1 varnish',
25 silly get     connection: 'keep-alive',
25 silly get     'x-served-by': 'cache-itm7420-ITM',
25 silly get     'x-cache': 'MISS',
25 silly get     'x-cache-hits': '0',
25 silly get     'x-timer': 'S1445927087.241733,VS0,VE348',
25 silly get     vary: 'Accept' } ]
26 verbose get saving bower to C:\Users\Tony\AppData\Roaming\npm-cache\registry.npmjs.org\bower\.cache.json
27 silly addNameRange number 2 { name: 'bower', range: '*', hasData: true }
28 silly addNameRange versions [ 'bower',
28 silly addNameRange   [ '0.1.0',
28 silly addNameRange     '0.1.2',
28 silly addNameRange     '0.1.3',
28 silly addNameRange     '0.2.0',
28 silly addNameRange     '0.3.0',
28 silly addNameRange     '0.3.1',
28 silly addNameRange     '0.3.2',
28 silly addNameRange     '0.4.0',
28 silly addNameRange     '0.5.0',
28 silly addNameRange     '0.5.1',
28 silly addNameRange     '0.6.0',
28 silly addNameRange     '0.6.1',
28 silly addNameRange     '0.6.2',
28 silly addNameRange     '0.6.3',
28 silly addNameRange     '0.6.4',
28 silly addNameRange     '0.6.5',
28 silly addNameRange     '0.6.6',
28 silly addNameRange     '0.6.7',
28 silly addNameRange     '0.6.8',
28 silly addNameRange     '0.7.0',
28 silly addNameRange     '0.7.1',
28 silly addNameRange     '0.8.0',
28 silly addNameRange     '0.8.1',
28 silly addNameRange     '0.8.2',
28 silly addNameRange     '0.8.3',
28 silly addNameRange     '0.8.4',
28 silly addNameRange     '0.8.5',
28 silly addNameRange     '0.8.6',
28 silly addNameRange     '0.9.0',
28 silly addNameRange     '0.9.1',
28 silly addNameRange     '0.9.2',
28 silly addNameRange     '0.10.0',
28 silly addNameRange     '1.0.0',
28 silly addNameRange     '1.0.1',
28 silly addNameRange     '1.0.2',
28 silly addNameRange     '1.0.3',
28 silly addNameRange     '1.1.0',
28 silly addNameRange     '1.1.1',
28 silly addNameRange     '1.1.2',
28 silly addNameRange     '1.2.0',
28 silly addNameRange     '1.2.1',
28 silly addNameRange     '1.2.2',
28 silly addNameRange     '1.2.3',
28 silly addNameRange     '1.2.4',
28 silly addNameRange     '1.2.5',
28 silly addNameRange     '1.2.6',
28 silly addNameRange     '1.2.7',
28 silly addNameRange     '1.2.8',
28 silly addNameRange     '1.3.0',
28 silly addNameRange     '1.3.1',
28 silly addNameRange     '1.3.2',
28 silly addNameRange     '1.3.3',
28 silly addNameRange     '1.3.4',
28 silly addNameRange     '1.3.5',
28 silly addNameRange     '1.3.6',
28 silly addNameRange     '1.3.7',
28 silly addNameRange     '1.3.8',
28 silly addNameRange     '1.3.9',
28 silly addNameRange     '1.3.10',
28 silly addNameRange     '1.3.11',
28 silly addNameRange     '1.3.12',
28 silly addNameRange     '1.4.0',
28 silly addNameRange     '1.4.1',
28 silly addNameRange     '1.5.0',
28 silly addNameRange     '1.5.1',
28 silly addNameRange     '1.5.2',
28 silly addNameRange     '1.5.3',
28 silly addNameRange     '1.6.2',
28 silly addNameRange     '1.6.3',
28 silly addNameRange     '1.6.4',
28 silly addNameRange     '1.6.5' ] ]
29 silly addNamed bower@1.6.5
30 verbose addNamed "1.6.5" is a plain semver version for bower
31 silly mapToRegistry name bower
32 silly mapToRegistry using default registry
33 silly mapToRegistry registry https://registry.npmjs.org/
34 silly mapToRegistry uri https://registry.npmjs.org/bower
35 verbose addRemoteTarball https://registry.npmjs.org/bower/-/bower-1.6.5.tgz not in flight; adding
36 verbose addRemoteTarball [ 'https://registry.npmjs.org/bower/-/bower-1.6.5.tgz',
36 verbose addRemoteTarball   '59d457122a161e42cc1625bbab8179c214b7ac11' ]
37 info retry fetch attempt 1 at 14:25:06
38 info attempt registry request try #1 at 14:25:06
39 http fetch GET https://registry.npmjs.org/bower/-/bower-1.6.5.tgz
40 verbose request using bearer token for auth
41 http fetch 200 https://registry.npmjs.org/bower/-/bower-1.6.5.tgz
42 silly fetchAndShaCheck shasum 59d457122a161e42cc1625bbab8179c214b7ac11
43 verbose stack Error: shasum check failed for C:\Users\Tony\AppData\Local\Temp\npm-5556-2051e470\registry.npmjs.org\bower\-\bower-1.6.5.tgz
43 verbose stack Expected: 59d457122a161e42cc1625bbab8179c214b7ac11
43 verbose stack Actual:   f886c3ce3c9edd2b9b5db95886d2863bc410624a
43 verbose stack From:     https://registry.npmjs.org/bower/-/bower-1.6.5.tgz
43 verbose stack     at C:\Program Files\nodejs\node_modules\npm\node_modules\sha\index.js:38:8
43 verbose stack     at ReadStream.<anonymous> (C:\Program Files\nodejs\node_modules\npm\node_modules\sha\index.js:85:7)
43 verbose stack     at ReadStream.emit (events.js:129:20)
43 verbose stack     at _stream_readable.js:908:16
43 verbose stack     at process._tickCallback (node.js:355:11)
44 verbose cwd D:\workspace\WebStorm\tonysite-theme-ui
45 error Windows_NT 6.3.9600
46 error argv "C:\\Program Files\\nodejs\\\\node.exe" "C:\\Program Files\\nodejs\\node_modules\\npm\\bin\\npm-cli.js" "install" "-g" "bower"
47 error node v0.12.6
48 error npm  v2.11.2
49 error shasum check failed for C:\Users\Tony\AppData\Local\Temp\npm-5556-2051e470\registry.npmjs.org\bower\-\bower-1.6.5.tgz
49 error Expected: 59d457122a161e42cc1625bbab8179c214b7ac11
49 error Actual:   f886c3ce3c9edd2b9b5db95886d2863bc410624a
49 error From:     https://registry.npmjs.org/bower/-/bower-1.6.5.tgz
50 error If you need help, you may report this error at:
50 error     <https://github.com/npm/npm/issues>
51 verbose exit [ 1, true ]
